<?xml version="1.0" encoding="UTF-8"?>
<!-- Generated by org.testng.reporters.JUnitReportReporter -->
<testsuite skipped="0" hostname="Gerald-PC" name="WOG.AppiumFramework.ProfileTest" tests="1" failures="0" timestamp="13 Sep 2019 11:14:44 GMT" time="46.472" errors="0">
  <testcase name="Profile_0032" time="46.472" classname="WOG.AppiumFramework.ProfileTest"/>
</testsuite> <!-- WOG.AppiumFramework.ProfileTest -->
