<?xml version="1.0" encoding="UTF-8"?>
<!-- Generated by org.testng.reporters.JUnitReportReporter -->
<testsuite hostname="Gerald-PC" failures="0" tests="1" name="OhJobsPHTest.OhJobsPhTest" time="17.799" errors="0" timestamp="2020-02-21T19:00:32 SGT" skipped="0">
  <testcase classname="OhJobsPHTest.OhJobsPhTest" name="jobseekerSelectJobPreferenceWeb" time="17.799"/>
</testsuite> <!-- OhJobsPHTest.OhJobsPhTest -->
