<?xml version="1.0" encoding="UTF-8"?>
<!-- Generated by org.testng.reporters.JUnitReportReporter -->
<testsuite skipped="0" hostname="Gerald-PC" name="WOG.AppiumFramework.ProfileTest" tests="1" failures="0" timestamp="04 Oct 2019 06:16:53 GMT" time="42.478" errors="0">
  <testcase name="Profile_0014" time="42.478" classname="WOG.AppiumFramework.ProfileTest"/>
</testsuite> <!-- WOG.AppiumFramework.ProfileTest -->
