<?xml version="1.0" encoding="UTF-8"?>
<!-- Generated by org.testng.reporters.JUnitReportReporter -->
<testsuite skipped="0" hostname="Gerald-PC" name="WOG.AppiumFramework.HomeTest" tests="2" failures="0" timestamp="30 Aug 2019 11:04:52 GMT" time="73.589" errors="0">
  <testcase name="Home_0001" time="37.870" classname="WOG.AppiumFramework.HomeTest"/>
  <testcase name="Home_0006" time="35.719" classname="WOG.AppiumFramework.HomeTest"/>
</testsuite> <!-- WOG.AppiumFramework.HomeTest -->
