<?xml version="1.0" encoding="UTF-8"?>
<!-- Generated by org.testng.reporters.JUnitReportReporter -->
<testsuite skipped="0" hostname="Gerald-PC" name="WOG.AppiumFramework.HomeTest" tests="1" failures="0" timestamp="04 Oct 2019 10:47:11 GMT" time="37.319" errors="0">
  <testcase name="Home_0025" time="37.319" classname="WOG.AppiumFramework.HomeTest"/>
</testsuite> <!-- WOG.AppiumFramework.HomeTest -->
