<?xml version="1.0" encoding="UTF-8"?>
<!-- Generated by org.testng.reporters.JUnitReportReporter -->
<testsuite skipped="0" hostname="Gerald-PC" name="WOG.AppiumFramework.APIDemoTest" tests="2" failures="0" timestamp="19 Aug 2019 09:06:35 GMT" time="126.568" errors="0">
  <testcase name="APIDEMO" time="46.898" classname="WOG.AppiumFramework.APIDemoTest"/>
  <testcase name="APIDEMO" time="79.670" classname="WOG.AppiumFramework.APIDemoTest"/>
</testsuite> <!-- WOG.AppiumFramework.APIDemoTest -->
