<?xml version="1.0" encoding="UTF-8"?>
<!-- Generated by org.testng.reporters.JUnitReportReporter -->
<testsuite hostname="Gerald-PC" failures="0" tests="1" name="WOG.AppiumFramework.EcommerceTest" time="88.791" errors="0" timestamp="20 Aug 2019 06:06:25 GMT" skipped="0">
  <testcase classname="WOG.AppiumFramework.EcommerceTest" name="TotalPriceValidation" time="88.791"/>
</testsuite> <!-- WOG.AppiumFramework.EcommerceTest -->
