<?xml version="1.0" encoding="UTF-8"?>
<!-- Generated by org.testng.reporters.JUnitReportReporter -->
<testsuite hostname="Gerald-PC" failures="0" tests="6" name="WOG.AppiumFramework.LoginTest" time="214.251" errors="0" timestamp="20 Aug 2019 10:17:15 GMT" skipped="0">
  <testcase classname="WOG.AppiumFramework.LoginTest" name="Login_0002" time="29.692"/>
  <testcase classname="WOG.AppiumFramework.LoginTest" name="Login_0006" time="28.448"/>
  <testcase classname="WOG.AppiumFramework.LoginTest" name="Login_0003" time="50.865"/>
  <testcase classname="WOG.AppiumFramework.LoginTest" name="Login_0004" time="24.300"/>
  <testcase classname="WOG.AppiumFramework.LoginTest" name="Login_0005" time="24.512"/>
  <testcase classname="WOG.AppiumFramework.LoginTest" name="Login_0001" time="56.434"/>
</testsuite> <!-- WOG.AppiumFramework.LoginTest -->
