<?xml version="1.0" encoding="UTF-8"?>
<!-- Generated by org.testng.reporters.JUnitReportReporter -->
<testsuite hostname="Gerald-PC" failures="0" tests="2" name="WOG.AppiumFramework.APIDemoTest" time="61.407" errors="0" timestamp="20 Aug 2019 06:06:25 GMT" skipped="0">
  <testcase classname="WOG.AppiumFramework.APIDemoTest" name="APIDEMO" time="31.829"/>
  <testcase classname="WOG.AppiumFramework.APIDemoTest" name="APIDEMO" time="29.578"/>
</testsuite> <!-- WOG.AppiumFramework.APIDemoTest -->
